<?xml version="1.0" encoding="UTF-8"?>
<testsuite name="com.aor.numbers.ListSorterTest" tests="2" skipped="0" failures="0" errors="0" timestamp="2021-12-07T20:05:10" hostname="DESKTOP-RTCTI3E" time="0.023">
  <properties/>
  <testcase name="sort()" classname="com.aor.numbers.ListSorterTest" time="0.018"/>
  <testcase name="bug_sort_8726()" classname="com.aor.numbers.ListSorterTest" time="0.003"/>
  <system-out><![CDATA[]]></system-out>
  <system-err><![CDATA[]]></system-err>
</testsuite>
