<?xml version="1.0" encoding="UTF-8"?>
<testsuite name="com.aor.numbers.PositiveFilterTest" tests="1" skipped="0" failures="0" errors="0" timestamp="2021-12-07T20:05:11" hostname="DESKTOP-RTCTI3E" time="0.008">
  <properties/>
  <testcase name="positive()" classname="com.aor.numbers.PositiveFilterTest" time="0.008"/>
  <system-out><![CDATA[]]></system-out>
  <system-err><![CDATA[]]></system-err>
</testsuite>
