<?xml version="1.0" encoding="UTF-8"?>
<testsuite name="StringBarTest" tests="1" skipped="0" failures="0" errors="0" timestamp="2021-12-27T12:15:02" hostname="DESKTOP-RTCTI3E" time="0.003">
  <properties/>
  <testcase name="happyHour()" classname="StringBarTest" time="0.003"/>
  <system-out><![CDATA[]]></system-out>
  <system-err><![CDATA[]]></system-err>
</testsuite>
