<?xml version="1.0" encoding="UTF-8"?>
<testsuite name="AlienClientTest" tests="3" skipped="0" failures="0" errors="0" timestamp="2021-12-27T12:15:01" hostname="DESKTOP-RTCTI3E" time="0.041">
  <properties/>
  <testcase name="ferengiStartClosed()" classname="AlienClientTest" time="0.036"/>
  <testcase name="ferengiAlreadyOpened()" classname="AlienClientTest" time="0.001"/>
  <testcase name="romulan()" classname="AlienClientTest" time="0.003"/>
  <system-out><![CDATA[]]></system-out>
  <system-err><![CDATA[]]></system-err>
</testsuite>
