<?xml version="1.0" encoding="UTF-8"?>
<testsuite name="HumanClientTest" tests="2" skipped="0" failures="0" errors="0" timestamp="2021-12-27T12:15:01" hostname="DESKTOP-RTCTI3E" time="0.581">
  <properties/>
  <testcase name="removeObserver()" classname="HumanClientTest" time="0.57"/>
  <testcase name="addObserver()" classname="HumanClientTest" time="0.01"/>
  <system-out><![CDATA[]]></system-out>
  <system-err><![CDATA[]]></system-err>
</testsuite>
