<?xml version="1.0" encoding="UTF-8"?>
<testsuite name="com.aor.numbers.DivisibleByFilterTest" tests="2" skipped="0" failures="0" errors="0" timestamp="2021-12-03T15:44:15" hostname="DESKTOP-RTCTI3E" time="0.003">
  <properties/>
  <testcase name="divisible2()" classname="com.aor.numbers.DivisibleByFilterTest" time="0.002"/>
  <testcase name="divisible3()" classname="com.aor.numbers.DivisibleByFilterTest" time="0.001"/>
  <system-out><![CDATA[]]></system-out>
  <system-err><![CDATA[]]></system-err>
</testsuite>
